# JRE version: OpenJDK Runtime Environment Temurin-21.0.7+6 (21.0.7+6) (build 21.0.7+6-LTS)
# Java VM: OpenJDK 64-Bit Server VM Temurin-21.0.7+6 (21.0.7+6-LTS, mixed mode, sharing, tiered, compressed oops, compressed class ptrs, g1 gc, linux-amd64)
Heap:
 garbage-first heap   total 370688K, used 342767K [0x000000070b400000, 0x0000000800000000)
  region size 2048K, 4 young (8192K), 2 survivors (4096K)
 Metaspace       used 33200K, committed 33600K, reserved 1114112K
  class space    used 3346K, committed 3520K, reserved 1048576K
GC Heap History (8 events):
Event: 0.350 GC heap before
{Heap before GC invocations=0 (full 0):
 garbage-first heap   total 253952K, used 23601K [0x000000070b400000, 0x0000000800000000)
  region size 2048K, 11 young (22528K), 0 survivors (0K)
 Metaspace       used 10268K, committed 10432K, reserved 1114112K
  class space    used 953K, committed 1024K, reserved 1048576K
}
Event: 0.352 GC heap after
{Heap after GC invocations=1 (full 0):
 garbage-first heap   total 253952K, used 5062K [0x000000070b400000, 0x0000000800000000)
  region size 2048K, 2 young (4096K), 2 survivors (4096K)
 Metaspace       used 10268K, committed 10432K, reserved 1114112K
  class space    used 953K, committed 1024K, reserved 1048576K
}
Event: 14.883 GC heap before
{Heap before GC invocations=1 (full 0):
 garbage-first heap   total 253952K, used 29638K [0x000000070b400000, 0x0000000800000000)
  region size 2048K, 15 young (30720K), 2 survivors (4096K)
 Metaspace       used 21199K, committed 21504K, reserved 1114112K
  class space    used 2024K, committed 2176K, reserved 1048576K
}
Event: 14.890 GC heap after
{Heap after GC invocations=2 (full 0):
 garbage-first heap   total 253952K, used 8145K [0x000000070b400000, 0x0000000800000000)
  region size 2048K, 2 young (4096K), 2 survivors (4096K)
 Metaspace       used 21199K, committed 21504K, reserved 1114112K
  class space    used 2024K, committed 2176K, reserved 1048576K
}
Event: 24.643 GC heap before
{Heap before GC invocations=3 (full 0):
 garbage-first heap   total 34816K, used 30673K [0x000000070b400000, 0x0000000800000000)
  region size 2048K, 14 young (28672K), 2 survivors (4096K)
 Metaspace       used 31234K, committed 31552K, reserved 1114112K
  class space    used 3113K, committed 3264K, reserved 1048576K
}
Event: 24.645 GC heap after
{Heap after GC invocations=4 (full 0):
 garbage-first heap   total 43008K, used 13128K [0x000000070b400000, 0x0000000800000000)
  region size 2048K, 4 young (8192K), 4 survivors (8192K)
 Metaspace       used 31234K, committed 31552K, reserved 1114112K
  class space    used 3113K, committed 3264K, reserved 1048576K
}
Event: 84.295 GC heap before
{Heap before GC invocations=4 (full 0):
 garbage-first heap   total 370688K, used 357192K [0x000000070b400000, 0x0000000800000000)
  region size 2048K, 12 young (24576K), 4 survivors (8192K)
 Metaspace       used 33088K, committed 33536K, reserved 1114112K
  class space    used 3339K, committed 3520K, reserved 1048576K
}
Event: 84.304 GC heap after
{Heap after GC invocations=5 (full 0):
 garbage-first heap   total 370688K, used 340482K [0x000000070b400000, 0x0000000800000000)
  region size 2048K, 2 young (4096K), 2 survivors (4096K)
 Metaspace       used 33088K, committed 33536K, reserved 1114112K
  class space    used 3339K, committed 3520K, reserved 1048576K
}

