# JRE version: OpenJDK Runtime Environment Temurin-21.0.7+6 (21.0.7+6) (build 21.0.7+6-LTS)
# Java VM: OpenJDK 64-Bit Server VM Temurin-21.0.7+6 (21.0.7+6-LTS, mixed mode, sharing, tiered, compressed oops, compressed class ptrs, g1 gc, linux-amd64)
Heap:
 garbage-first heap   total 294912K, used 102586K [0x000000070b400000, 0x0000000800000000)
  region size 2048K, 9 young (18432K), 1 survivors (2048K)
 Metaspace       used 34565K, committed 34944K, reserved 1114112K
  class space    used 3423K, committed 3584K, reserved 1048576K
GC Heap History (20 events):
Event: 124.414 GC heap before
{Heap before GC invocations=281 (full 0):
 garbage-first heap   total 96256K, used 62474K [0x000000070b400000, 0x0000000800000000)
  region size 2048K, 7 young (14336K), 1 survivors (2048K)
 Metaspace       used 34512K, committed 34880K, reserved 1114112K
  class space    used 3420K, committed 3584K, reserved 1048576K
}
Event: 124.416 GC heap after
{Heap after GC invocations=282 (full 0):
 garbage-first heap   total 96256K, used 54320K [0x000000070b400000, 0x0000000800000000)
  region size 2048K, 1 young (2048K), 1 survivors (2048K)
 Metaspace       used 34512K, committed 34880K, reserved 1114112K
  class space    used 3420K, committed 3584K, reserved 1048576K
}
Event: 124.472 GC heap before
{Heap before GC invocations=283 (full 0):
 garbage-first heap   total 151552K, used 87088K [0x000000070b400000, 0x0000000800000000)
  region size 2048K, 2 young (4096K), 1 survivors (2048K)
 Metaspace       used 34512K, committed 34880K, reserved 1114112K
  class space    used 3420K, committed 3584K, reserved 1048576K
}
Event: 124.474 GC heap after
{Heap after GC invocations=284 (full 0):
 garbage-first heap   total 151552K, used 82970K [0x000000070b400000, 0x0000000800000000)
  region size 2048K, 1 young (2048K), 1 survivors (2048K)
 Metaspace       used 34512K, committed 34880K, reserved 1114112K
  class space    used 3420K, committed 3584K, reserved 1048576K
}
Event: 124.568 GC heap before
{Heap before GC invocations=285 (full 0):
 garbage-first heap   total 151552K, used 95258K [0x000000070b400000, 0x0000000800000000)
  region size 2048K, 7 young (14336K), 1 survivors (2048K)
 Metaspace       used 34513K, committed 34880K, reserved 1114112K
  class space    used 3420K, committed 3584K, reserved 1048576K
}
Event: 124.570 GC heap after
{Heap after GC invocations=286 (full 0):
 garbage-first heap   total 151552K, used 87092K [0x000000070b400000, 0x0000000800000000)
  region size 2048K, 1 young (2048K), 1 survivors (2048K)
 Metaspace       used 34513K, committed 34880K, reserved 1114112K
  class space    used 3420K, committed 3584K, reserved 1048576K
}
Event: 124.615 GC heap before
{Heap before GC invocations=287 (full 0):
 garbage-first heap   total 204800K, used 119860K [0x000000070b400000, 0x0000000800000000)
  region size 2048K, 2 young (4096K), 1 survivors (2048K)
 Metaspace       used 34513K, committed 34880K, reserved 1114112K
  class space    used 3420K, committed 3584K, reserved 1048576K
}
Event: 124.616 GC heap after
{Heap after GC invocations=288 (full 0):
 garbage-first heap   total 245760K, used 82978K [0x000000070b400000, 0x0000000800000000)
  region size 2048K, 1 young (2048K), 1 survivors (2048K)
 Metaspace       used 34513K, committed 34880K, reserved 1114112K
  class space    used 3420K, committed 3584K, reserved 1048576K
}
Event: 125.532 GC heap before
{Heap before GC invocations=288 (full 0):
 garbage-first heap   total 245760K, used 95266K [0x000000070b400000, 0x0000000800000000)
  region size 2048K, 7 young (14336K), 1 survivors (2048K)
 Metaspace       used 34514K, committed 34880K, reserved 1114112K
  class space    used 3420K, committed 3584K, reserved 1048576K
}
Event: 125.534 GC heap after
{Heap after GC invocations=289 (full 0):
 garbage-first heap   total 245760K, used 87106K [0x000000070b400000, 0x0000000800000000)
  region size 2048K, 1 young (2048K), 1 survivors (2048K)
 Metaspace       used 34514K, committed 34880K, reserved 1114112K
  class space    used 3420K, committed 3584K, reserved 1048576K
}
Event: 125.567 GC heap before
{Heap before GC invocations=289 (full 0):
 garbage-first heap   total 245760K, used 119874K [0x000000070b400000, 0x0000000800000000)
  region size 2048K, 2 young (4096K), 1 survivors (2048K)
 Metaspace       used 34514K, committed 34880K, reserved 1114112K
  class space    used 3420K, committed 3584K, reserved 1048576K
}
Event: 125.567 GC heap after
{Heap after GC invocations=290 (full 0):
 garbage-first heap   total 245760K, used 82986K [0x000000070b400000, 0x0000000800000000)
  region size 2048K, 1 young (2048K), 1 survivors (2048K)
 Metaspace       used 34514K, committed 34880K, reserved 1114112K
  class space    used 3420K, committed 3584K, reserved 1048576K
}
Event: 125.659 GC heap before
{Heap before GC invocations=290 (full 0):
 garbage-first heap   total 245760K, used 97322K [0x000000070b400000, 0x0000000800000000)
  region size 2048K, 8 young (16384K), 1 survivors (2048K)
 Metaspace       used 34514K, committed 34880K, reserved 1114112K
  class space    used 3420K, committed 3584K, reserved 1048576K
}
Event: 125.660 GC heap after
{Heap after GC invocations=291 (full 0):
 garbage-first heap   total 245760K, used 87116K [0x000000070b400000, 0x0000000800000000)
  region size 2048K, 1 young (2048K), 1 survivors (2048K)
 Metaspace       used 34514K, committed 34880K, reserved 1114112K
  class space    used 3420K, committed 3584K, reserved 1048576K
}
Event: 125.698 GC heap before
{Heap before GC invocations=291 (full 0):
 garbage-first heap   total 245760K, used 119884K [0x000000070b400000, 0x0000000800000000)
  region size 2048K, 2 young (4096K), 1 survivors (2048K)
 Metaspace       used 34514K, committed 34880K, reserved 1114112K
  class space    used 3420K, committed 3584K, reserved 1048576K
}
Event: 125.699 GC heap after
{Heap after GC invocations=292 (full 0):
 garbage-first heap   total 245760K, used 115773K [0x000000070b400000, 0x0000000800000000)
  region size 2048K, 1 young (2048K), 1 survivors (2048K)
 Metaspace       used 34514K, committed 34880K, reserved 1114112K
  class space    used 3420K, committed 3584K, reserved 1048576K
}
Event: 125.789 GC heap before
{Heap before GC invocations=293 (full 0):
 garbage-first heap   total 245760K, used 128061K [0x000000070b400000, 0x0000000800000000)
  region size 2048K, 7 young (14336K), 1 survivors (2048K)
 Metaspace       used 34514K, committed 34880K, reserved 1114112K
  class space    used 3420K, committed 3584K, reserved 1048576K
}
Event: 125.792 GC heap after
{Heap after GC invocations=294 (full 0):
 garbage-first heap   total 294912K, used 119895K [0x000000070b400000, 0x0000000800000000)
  region size 2048K, 1 young (2048K), 1 survivors (2048K)
 Metaspace       used 34514K, committed 34880K, reserved 1114112K
  class space    used 3420K, committed 3584K, reserved 1048576K
}
Event: 125.828 GC heap before
{Heap before GC invocations=294 (full 0):
 garbage-first heap   total 294912K, used 152663K [0x000000070b400000, 0x0000000800000000)
  region size 2048K, 2 young (4096K), 1 survivors (2048K)
 Metaspace       used 34514K, committed 34880K, reserved 1114112K
  class space    used 3420K, committed 3584K, reserved 1048576K
}
Event: 125.829 GC heap after
{Heap after GC invocations=295 (full 0):
 garbage-first heap   total 294912K, used 83007K [0x000000070b400000, 0x0000000800000000)
  region size 2048K, 1 young (2048K), 1 survivors (2048K)
 Metaspace       used 34514K, committed 34880K, reserved 1114112K
  class space    used 3420K, committed 3584K, reserved 1048576K
}

