# JRE version: OpenJDK Runtime Environment Temurin-21.0.7+6 (21.0.7+6) (build 21.0.7+6-LTS)
# Java VM: OpenJDK 64-Bit Server VM Temurin-21.0.7+6 (21.0.7+6-LTS, mixed mode, sharing, tiered, compressed oops, compressed class ptrs, g1 gc, linux-amd64)
Heap:
 garbage-first heap   total 73728K, used 27250K [0x000000070b400000, 0x0000000800000000)
  region size 2048K, 5 young (10240K), 1 survivors (2048K)
 Metaspace       used 34646K, committed 35008K, reserved 1114112K
  class space    used 3472K, committed 3648K, reserved 1048576K
GC Heap History (20 events):
Event: 0.317 GC heap before
{Heap before GC invocations=0 (full 0):
 garbage-first heap   total 253952K, used 23601K [0x000000070b400000, 0x0000000800000000)
  region size 2048K, 11 young (22528K), 0 survivors (0K)
 Metaspace       used 10257K, committed 10496K, reserved 1114112K
  class space    used 956K, committed 1088K, reserved 1048576K
}
Event: 0.319 GC heap after
{Heap after GC invocations=1 (full 0):
 garbage-first heap   total 253952K, used 5102K [0x000000070b400000, 0x0000000800000000)
  region size 2048K, 2 young (4096K), 2 survivors (4096K)
 Metaspace       used 10257K, committed 10496K, reserved 1114112K
  class space    used 956K, committed 1088K, reserved 1048576K
}
Event: 5.936 GC heap before
{Heap before GC invocations=1 (full 0):
 garbage-first heap   total 253952K, used 27630K [0x000000070b400000, 0x0000000800000000)
  region size 2048K, 15 young (30720K), 2 survivors (4096K)
 Metaspace       used 21218K, committed 21504K, reserved 1114112K
  class space    used 2030K, committed 2176K, reserved 1048576K
}
Event: 5.947 GC heap after
{Heap after GC invocations=2 (full 0):
 garbage-first heap   total 253952K, used 8308K [0x000000070b400000, 0x0000000800000000)
  region size 2048K, 2 young (4096K), 2 survivors (4096K)
 Metaspace       used 21218K, committed 21504K, reserved 1114112K
  class space    used 2030K, committed 2176K, reserved 1048576K
}
Event: 11.987 GC heap before
{Heap before GC invocations=3 (full 0):
 garbage-first heap   total 34816K, used 30836K [0x000000070b400000, 0x0000000800000000)
  region size 2048K, 14 young (28672K), 2 survivors (4096K)
 Metaspace       used 31141K, committed 31488K, reserved 1114112K
  class space    used 3118K, committed 3264K, reserved 1048576K
}
Event: 11.990 GC heap after
{Heap after GC invocations=4 (full 0):
 garbage-first heap   total 45056K, used 13931K [0x000000070b400000, 0x0000000800000000)
  region size 2048K, 5 young (10240K), 5 survivors (10240K)
 Metaspace       used 31141K, committed 31488K, reserved 1114112K
  class space    used 3118K, committed 3264K, reserved 1048576K
}
Event: 14.539 GC heap before
{Heap before GC invocations=4 (full 0):
 garbage-first heap   total 45056K, used 28267K [0x000000070b400000, 0x0000000800000000)
  region size 2048K, 12 young (24576K), 5 survivors (10240K)
 Metaspace       used 32410K, committed 32832K, reserved 1114112K
  class space    used 3252K, committed 3456K, reserved 1048576K
}
Event: 14.544 GC heap after
{Heap after GC invocations=5 (full 0):
 garbage-first heap   total 45056K, used 12561K [0x000000070b400000, 0x0000000800000000)
  region size 2048K, 1 young (2048K), 1 survivors (2048K)
 Metaspace       used 32410K, committed 32832K, reserved 1114112K
  class space    used 3252K, committed 3456K, reserved 1048576K
}
Event: 31.328 GC heap before
{Heap before GC invocations=5 (full 0):
 garbage-first heap   total 45056K, used 35089K [0x000000070b400000, 0x0000000800000000)
  region size 2048K, 9 young (18432K), 1 survivors (2048K)
 Metaspace       used 34386K, committed 34816K, reserved 1114112K
  class space    used 3452K, committed 3648K, reserved 1048576K
}
Event: 31.331 GC heap after
{Heap after GC invocations=6 (full 0):
 garbage-first heap   total 45056K, used 20844K [0x000000070b400000, 0x0000000800000000)
  region size 2048K, 1 young (2048K), 1 survivors (2048K)
 Metaspace       used 34386K, committed 34816K, reserved 1114112K
  class space    used 3452K, committed 3648K, reserved 1048576K
}
Event: 42.268 GC heap before
{Heap before GC invocations=7 (full 0):
 garbage-first heap   total 69632K, used 65900K [0x000000070b400000, 0x0000000800000000)
  region size 2048K, 4 young (8192K), 1 survivors (2048K)
 Metaspace       used 34466K, committed 34880K, reserved 1114112K
  class space    used 3459K, committed 3648K, reserved 1048576K
}
Event: 42.269 GC heap after
{Heap after GC invocations=8 (full 0):
 garbage-first heap   total 73728K, used 57862K [0x000000070b400000, 0x0000000800000000)
  region size 2048K, 1 young (2048K), 1 survivors (2048K)
 Metaspace       used 34466K, committed 34880K, reserved 1114112K
  class space    used 3459K, committed 3648K, reserved 1048576K
}
Event: 51.786 GC heap before
{Heap before GC invocations=8 (full 0):
 garbage-first heap   total 73728K, used 61958K [0x000000070b400000, 0x0000000800000000)
  region size 2048K, 3 young (6144K), 1 survivors (2048K)
 Metaspace       used 34488K, committed 34880K, reserved 1114112K
  class space    used 3459K, committed 3648K, reserved 1048576K
}
Event: 51.791 GC heap after
{Heap after GC invocations=9 (full 0):
 garbage-first heap   total 73728K, used 20929K [0x000000070b400000, 0x0000000800000000)
  region size 2048K, 1 young (2048K), 1 survivors (2048K)
 Metaspace       used 34488K, committed 34880K, reserved 1114112K
  class space    used 3459K, committed 3648K, reserved 1048576K
}
Event: 152.214 GC heap before
{Heap before GC invocations=9 (full 0):
 garbage-first heap   total 73728K, used 59841K [0x000000070b400000, 0x0000000800000000)
  region size 2048K, 21 young (43008K), 1 survivors (2048K)
 Metaspace       used 34516K, committed 34944K, reserved 1114112K
  class space    used 3463K, committed 3648K, reserved 1048576K
}
Event: 152.216 GC heap after
{Heap after GC invocations=10 (full 0):
 garbage-first heap   total 73728K, used 20911K [0x000000070b400000, 0x0000000800000000)
  region size 2048K, 1 young (2048K), 1 survivors (2048K)
 Metaspace       used 34516K, committed 34944K, reserved 1114112K
  class space    used 3463K, committed 3648K, reserved 1048576K
}
Event: 254.387 GC heap before
{Heap before GC invocations=10 (full 0):
 garbage-first heap   total 73728K, used 61871K [0x000000070b400000, 0x0000000800000000)
  region size 2048K, 21 young (43008K), 1 survivors (2048K)
 Metaspace       used 34525K, committed 34944K, reserved 1114112K
  class space    used 3463K, committed 3648K, reserved 1048576K
}
Event: 254.390 GC heap after
{Heap after GC invocations=11 (full 0):
 garbage-first heap   total 73728K, used 20924K [0x000000070b400000, 0x0000000800000000)
  region size 2048K, 1 young (2048K), 1 survivors (2048K)
 Metaspace       used 34525K, committed 34944K, reserved 1114112K
  class space    used 3463K, committed 3648K, reserved 1048576K
}
Event: 357.113 GC heap before
{Heap before GC invocations=11 (full 0):
 garbage-first heap   total 73728K, used 61884K [0x000000070b400000, 0x0000000800000000)
  region size 2048K, 21 young (43008K), 1 survivors (2048K)
 Metaspace       used 34525K, committed 34944K, reserved 1114112K
  class space    used 3463K, committed 3648K, reserved 1048576K
}
Event: 357.115 GC heap after
{Heap after GC invocations=12 (full 0):
 garbage-first heap   total 73728K, used 20928K [0x000000070b400000, 0x0000000800000000)
  region size 2048K, 1 young (2048K), 1 survivors (2048K)
 Metaspace       used 34525K, committed 34944K, reserved 1114112K
  class space    used 3463K, committed 3648K, reserved 1048576K
}

