# JRE version: OpenJDK Runtime Environment Temurin-21.0.7+6 (21.0.7+6) (build 21.0.7+6-LTS)
# Java VM: OpenJDK 64-Bit Server VM Temurin-21.0.7+6 (21.0.7+6-LTS, mixed mode, sharing, tiered, compressed oops, compressed class ptrs, g1 gc, linux-amd64)
Heap:
 garbage-first heap   total 178176K, used 69972K [0x000000070b400000, 0x0000000800000000)
  region size 2048K, 3 young (6144K), 1 survivors (2048K)
 Metaspace       used 34573K, committed 35008K, reserved 1114112K
  class space    used 3499K, committed 3712K, reserved 1048576K
GC Heap History (20 events):
Event: 22.016 GC heap before
{Heap before GC invocations=1 (full 0):
 garbage-first heap   total 253952K, used 27645K [0x000000070b400000, 0x0000000800000000)
  region size 2048K, 15 young (30720K), 2 survivors (4096K)
 Metaspace       used 21193K, committed 21504K, reserved 1114112K
  class space    used 2028K, committed 2176K, reserved 1048576K
}
Event: 22.024 GC heap after
{Heap after GC invocations=2 (full 0):
 garbage-first heap   total 253952K, used 8361K [0x000000070b400000, 0x0000000800000000)
  region size 2048K, 2 young (4096K), 2 survivors (4096K)
 Metaspace       used 21193K, committed 21504K, reserved 1114112K
  class space    used 2028K, committed 2176K, reserved 1048576K
}
Event: 28.739 GC heap before
{Heap before GC invocations=3 (full 0):
 garbage-first heap   total 34816K, used 30889K [0x000000070b400000, 0x0000000800000000)
  region size 2048K, 14 young (28672K), 2 survivors (4096K)
 Metaspace       used 31136K, committed 31488K, reserved 1114112K
  class space    used 3114K, committed 3264K, reserved 1048576K
}
Event: 28.741 GC heap after
{Heap after GC invocations=4 (full 0):
 garbage-first heap   total 43008K, used 13039K [0x000000070b400000, 0x0000000800000000)
  region size 2048K, 4 young (8192K), 4 survivors (8192K)
 Metaspace       used 31136K, committed 31488K, reserved 1114112K
  class space    used 3114K, committed 3264K, reserved 1048576K
}
Event: 36.448 GC heap before
{Heap before GC invocations=4 (full 0):
 garbage-first heap   total 67584K, used 53999K [0x000000070b400000, 0x0000000800000000)
  region size 2048K, 12 young (24576K), 4 survivors (8192K)
 Metaspace       used 33215K, committed 33600K, reserved 1114112K
  class space    used 3391K, committed 3584K, reserved 1048576K
}
Event: 36.452 GC heap after
{Heap after GC invocations=5 (full 0):
 garbage-first heap   total 67584K, used 37279K [0x000000070b400000, 0x0000000800000000)
  region size 2048K, 1 young (2048K), 1 survivors (2048K)
 Metaspace       used 33215K, committed 33600K, reserved 1114112K
  class space    used 3391K, committed 3584K, reserved 1048576K
}
Event: 36.543 GC heap before
{Heap before GC invocations=5 (full 0):
 garbage-first heap   total 67584K, used 37279K [0x000000070b400000, 0x0000000800000000)
  region size 2048K, 2 young (4096K), 1 survivors (2048K)
 Metaspace       used 33332K, committed 33728K, reserved 1114112K
  class space    used 3410K, committed 3584K, reserved 1048576K
}
Event: 36.544 GC heap after
{Heap after GC invocations=6 (full 0):
 garbage-first heap   total 67584K, used 36995K [0x000000070b400000, 0x0000000800000000)
  region size 2048K, 1 young (2048K), 1 survivors (2048K)
 Metaspace       used 33332K, committed 33728K, reserved 1114112K
  class space    used 3410K, committed 3584K, reserved 1048576K
}
Event: 46.476 GC heap before
{Heap before GC invocations=7 (full 0):
 garbage-first heap   total 120832K, used 118915K [0x000000070b400000, 0x0000000800000000)
  region size 2048K, 9 young (18432K), 1 survivors (2048K)
 Metaspace       used 34382K, committed 34880K, reserved 1114112K
  class space    used 3496K, committed 3712K, reserved 1048576K
}
Event: 46.478 GC heap after
{Heap after GC invocations=8 (full 0):
 garbage-first heap   total 124928K, used 102978K [0x000000070b400000, 0x0000000800000000)
  region size 2048K, 2 young (4096K), 2 survivors (4096K)
 Metaspace       used 34382K, committed 34880K, reserved 1114112K
  class space    used 3496K, committed 3712K, reserved 1048576K
}
Event: 46.490 GC heap before
{Heap before GC invocations=8 (full 0):
 garbage-first heap   total 124928K, used 107074K [0x000000070b400000, 0x0000000800000000)
  region size 2048K, 6 young (12288K), 2 survivors (4096K)
 Metaspace       used 34382K, committed 34880K, reserved 1114112K
  class space    used 3496K, committed 3712K, reserved 1048576K
}
Event: 46.491 GC heap after
{Heap after GC invocations=9 (full 0):
 garbage-first heap   total 124928K, used 41589K [0x000000070b400000, 0x0000000800000000)
  region size 2048K, 1 young (2048K), 1 survivors (2048K)
 Metaspace       used 34382K, committed 34880K, reserved 1114112K
  class space    used 3496K, committed 3712K, reserved 1048576K
}
Event: 46.561 GC heap before
{Heap before GC invocations=9 (full 0):
 garbage-first heap   total 124928K, used 41589K [0x000000070b400000, 0x0000000800000000)
  region size 2048K, 3 young (6144K), 1 survivors (2048K)
 Metaspace       used 34382K, committed 34880K, reserved 1114112K
  class space    used 3496K, committed 3712K, reserved 1048576K
}
Event: 46.562 GC heap after
{Heap after GC invocations=10 (full 0):
 garbage-first heap   total 124928K, used 41412K [0x000000070b400000, 0x0000000800000000)
  region size 2048K, 1 young (2048K), 1 survivors (2048K)
 Metaspace       used 34382K, committed 34880K, reserved 1114112K
  class space    used 3496K, committed 3712K, reserved 1048576K
}
Event: 46.662 GC heap before
{Heap before GC invocations=10 (full 0):
 garbage-first heap   total 124928K, used 65988K [0x000000070b400000, 0x0000000800000000)
  region size 2048K, 2 young (4096K), 1 survivors (2048K)
 Metaspace       used 34385K, committed 34880K, reserved 1114112K
  class space    used 3496K, committed 3712K, reserved 1048576K
}
Event: 46.664 GC heap after
{Heap after GC invocations=11 (full 0):
 garbage-first heap   total 178176K, used 61817K [0x000000070b400000, 0x0000000800000000)
  region size 2048K, 1 young (2048K), 1 survivors (2048K)
 Metaspace       used 34385K, committed 34880K, reserved 1114112K
  class space    used 3496K, committed 3712K, reserved 1048576K
}
Event: 53.984 GC heap before
{Heap before GC invocations=11 (full 0):
 garbage-first heap   total 178176K, used 82297K [0x000000070b400000, 0x0000000800000000)
  region size 2048K, 8 young (16384K), 1 survivors (2048K)
 Metaspace       used 34460K, committed 34944K, reserved 1114112K
  class space    used 3496K, committed 3712K, reserved 1048576K
}
Event: 53.985 GC heap after
{Heap after GC invocations=12 (full 0):
 garbage-first heap   total 178176K, used 70050K [0x000000070b400000, 0x0000000800000000)
  region size 2048K, 1 young (2048K), 1 survivors (2048K)
 Metaspace       used 34460K, committed 34944K, reserved 1114112K
  class space    used 3496K, committed 3712K, reserved 1048576K
}
Event: 54.095 GC heap before
{Heap before GC invocations=12 (full 0):
 garbage-first heap   total 178176K, used 96674K [0x000000070b400000, 0x0000000800000000)
  region size 2048K, 3 young (6144K), 1 survivors (2048K)
 Metaspace       used 34465K, committed 34944K, reserved 1114112K
  class space    used 3496K, committed 3712K, reserved 1048576K
}
Event: 54.096 GC heap after
{Heap after GC invocations=13 (full 0):
 garbage-first heap   total 178176K, used 61827K [0x000000070b400000, 0x0000000800000000)
  region size 2048K, 1 young (2048K), 1 survivors (2048K)
 Metaspace       used 34465K, committed 34944K, reserved 1114112K
  class space    used 3496K, committed 3712K, reserved 1048576K
}

