# JRE version: OpenJDK Runtime Environment Temurin-21.0.7+6 (21.0.7+6) (build 21.0.7+6-LTS)
# Java VM: OpenJDK 64-Bit Server VM Temurin-21.0.7+6 (21.0.7+6-LTS, mixed mode, sharing, tiered, compressed oops, compressed class ptrs, g1 gc, linux-amd64)
Heap:
 garbage-first heap   total 202752K, used 125442K [0x000000070b400000, 0x0000000800000000)
  region size 2048K, 4 young (8192K), 1 survivors (2048K)
 Metaspace       used 34954K, committed 35456K, reserved 1114112K
  class space    used 3543K, committed 3776K, reserved 1048576K
GC Heap History (20 events):
Event: 79.386 GC heap before
{Heap before GC invocations=6 (full 0):
 garbage-first heap   total 53248K, used 45312K [0x000000070b400000, 0x0000000800000000)
  region size 2048K, 3 young (6144K), 2 survivors (4096K)
 Metaspace       used 33751K, committed 34112K, reserved 1114112K
  class space    used 3446K, committed 3584K, reserved 1048576K
}
Event: 79.387 GC heap after
{Heap after GC invocations=7 (full 0):
 garbage-first heap   total 55296K, used 46144K [0x000000070b400000, 0x0000000800000000)
  region size 2048K, 2 young (4096K), 2 survivors (4096K)
 Metaspace       used 33751K, committed 34112K, reserved 1114112K
  class space    used 3446K, committed 3584K, reserved 1048576K
}
Event: 79.396 GC heap before
{Heap before GC invocations=7 (full 0):
 garbage-first heap   total 79872K, used 70720K [0x000000070b400000, 0x0000000800000000)
  region size 2048K, 2 young (4096K), 2 survivors (4096K)
 Metaspace       used 33751K, committed 34112K, reserved 1114112K
  class space    used 3446K, committed 3584K, reserved 1048576K
}
Event: 79.397 GC heap after
{Heap after GC invocations=8 (full 0):
 garbage-first heap   total 79872K, used 37629K [0x000000070b400000, 0x0000000800000000)
  region size 2048K, 1 young (2048K), 1 survivors (2048K)
 Metaspace       used 33751K, committed 34112K, reserved 1114112K
  class space    used 3446K, committed 3584K, reserved 1048576K
}
Event: 85.160 GC heap before
{Heap before GC invocations=9 (full 0):
 garbage-first heap   total 79872K, used 37629K [0x000000070b400000, 0x0000000800000000)
  region size 2048K, 2 young (4096K), 1 survivors (2048K)
 Metaspace       used 33759K, committed 34112K, reserved 1114112K
  class space    used 3446K, committed 3584K, reserved 1048576K
}
Event: 85.161 GC heap after
{Heap after GC invocations=10 (full 0):
 garbage-first heap   total 79872K, used 37566K [0x000000070b400000, 0x0000000800000000)
  region size 2048K, 1 young (2048K), 1 survivors (2048K)
 Metaspace       used 33759K, committed 34112K, reserved 1114112K
  class space    used 3446K, committed 3584K, reserved 1048576K
}
Event: 95.876 GC heap before
{Heap before GC invocations=11 (full 0):
 garbage-first heap   total 79872K, used 41662K [0x000000070b400000, 0x0000000800000000)
  region size 2048K, 2 young (4096K), 1 survivors (2048K)
 Metaspace       used 33994K, committed 34432K, reserved 1114112K
  class space    used 3469K, committed 3712K, reserved 1048576K
}
Event: 95.878 GC heap after
{Heap after GC invocations=12 (full 0):
 garbage-first heap   total 79872K, used 41938K [0x000000070b400000, 0x0000000800000000)
  region size 2048K, 1 young (2048K), 1 survivors (2048K)
 Metaspace       used 33994K, committed 34432K, reserved 1114112K
  class space    used 3469K, committed 3712K, reserved 1048576K
}
Event: 95.926 GC heap before
{Heap before GC invocations=13 (full 0):
 garbage-first heap   total 126976K, used 74706K [0x000000070b400000, 0x0000000800000000)
  region size 2048K, 2 young (4096K), 1 survivors (2048K)
 Metaspace       used 33997K, committed 34432K, reserved 1114112K
  class space    used 3469K, committed 3712K, reserved 1048576K
}
Event: 95.928 GC heap after
{Heap after GC invocations=14 (full 0):
 garbage-first heap   total 126976K, used 45873K [0x000000070b400000, 0x0000000800000000)
  region size 2048K, 1 young (2048K), 1 survivors (2048K)
 Metaspace       used 33997K, committed 34432K, reserved 1114112K
  class space    used 3469K, committed 3712K, reserved 1048576K
}
Event: 101.369 GC heap before
{Heap before GC invocations=14 (full 0):
 garbage-first heap   total 126976K, used 49969K [0x000000070b400000, 0x0000000800000000)
  region size 2048K, 2 young (4096K), 1 survivors (2048K)
 Metaspace       used 34031K, committed 34496K, reserved 1114112K
  class space    used 3470K, committed 3712K, reserved 1048576K
}
Event: 101.371 GC heap after
{Heap after GC invocations=15 (full 0):
 garbage-first heap   total 176128K, used 17466K [0x000000070b400000, 0x0000000800000000)
  region size 2048K, 1 young (2048K), 1 survivors (2048K)
 Metaspace       used 34031K, committed 34496K, reserved 1114112K
  class space    used 3470K, committed 3712K, reserved 1048576K
}
Event: 107.965 GC heap before
{Heap before GC invocations=15 (full 0):
 garbage-first heap   total 176128K, used 80954K [0x000000070b400000, 0x0000000800000000)
  region size 2048K, 3 young (6144K), 1 survivors (2048K)
 Metaspace       used 34099K, committed 34560K, reserved 1114112K
  class space    used 3471K, committed 3712K, reserved 1048576K
}
Event: 107.967 GC heap after
{Heap after GC invocations=16 (full 0):
 garbage-first heap   total 176128K, used 17514K [0x000000070b400000, 0x0000000800000000)
  region size 2048K, 1 young (2048K), 1 survivors (2048K)
 Metaspace       used 34099K, committed 34560K, reserved 1114112K
  class space    used 3471K, committed 3712K, reserved 1048576K
}
Event: 119.982 GC heap before
{Heap before GC invocations=16 (full 0):
 garbage-first heap   total 176128K, used 85098K [0x000000070b400000, 0x0000000800000000)
  region size 2048K, 9 young (18432K), 1 survivors (2048K)
 Metaspace       used 34883K, committed 35392K, reserved 1114112K
  class space    used 3540K, committed 3776K, reserved 1048576K
}
Event: 119.985 GC heap after
{Heap after GC invocations=17 (full 0):
 garbage-first heap   total 176128K, used 66724K [0x000000070b400000, 0x0000000800000000)
  region size 2048K, 1 young (2048K), 1 survivors (2048K)
 Metaspace       used 34883K, committed 35392K, reserved 1114112K
  class space    used 3540K, committed 3776K, reserved 1048576K
}
Event: 125.835 GC heap before
{Heap before GC invocations=17 (full 0):
 garbage-first heap   total 176128K, used 101540K [0x000000070b400000, 0x0000000800000000)
  region size 2048K, 4 young (8192K), 1 survivors (2048K)
 Metaspace       used 34894K, committed 35392K, reserved 1114112K
  class space    used 3540K, committed 3776K, reserved 1048576K
}
Event: 125.836 GC heap after
{Heap after GC invocations=18 (full 0):
 garbage-first heap   total 176128K, used 83086K [0x000000070b400000, 0x0000000800000000)
  region size 2048K, 1 young (2048K), 1 survivors (2048K)
 Metaspace       used 34894K, committed 35392K, reserved 1114112K
  class space    used 3540K, committed 3776K, reserved 1048576K
}
Event: 125.927 GC heap before
{Heap before GC invocations=19 (full 0):
 garbage-first heap   total 176128K, used 97422K [0x000000070b400000, 0x0000000800000000)
  region size 2048K, 8 young (16384K), 1 survivors (2048K)
 Metaspace       used 34894K, committed 35392K, reserved 1114112K
  class space    used 3540K, committed 3776K, reserved 1048576K
}
Event: 125.931 GC heap after
{Heap after GC invocations=20 (full 0):
 garbage-first heap   total 176128K, used 87448K [0x000000070b400000, 0x0000000800000000)
  region size 2048K, 1 young (2048K), 1 survivors (2048K)
 Metaspace       used 34894K, committed 35392K, reserved 1114112K
  class space    used 3540K, committed 3776K, reserved 1048576K
}

